0 info it worked if it ends with ok
1 verbose cli [ '/usr/local/bin/node',
1 verbose cli   '/home/blueowl/.npm-global/bin/npm',
1 verbose cli   'run',
1 verbose cli   'nodemon',
1 verbose cli   '-e',
1 verbose cli   'scss',
1 verbose cli   '-x',
1 verbose cli   '"npm',
1 verbose cli   'run',
1 verbose cli   'node-sass',
1 verbose cli   '--include-path',
1 verbose cli   'scss',
1 verbose cli   'css/style.scss',
1 verbose cli   'css/style.css"' ]
2 info using npm@3.10.8
3 info using node@v4.6.0
4 verbose stack Error: missing script: nodemon
4 verbose stack     at run (/home/blueowl/.npm-global/lib/node_modules/npm/lib/run-script.js:151:19)
4 verbose stack     at /home/blueowl/.npm-global/lib/node_modules/npm/lib/run-script.js:61:5
4 verbose stack     at /home/blueowl/.npm-global/lib/node_modules/npm/node_modules/read-package-json/read-json.js:356:5
4 verbose stack     at checkBinReferences_ (/home/blueowl/.npm-global/lib/node_modules/npm/node_modules/read-package-json/read-json.js:320:45)
4 verbose stack     at final (/home/blueowl/.npm-global/lib/node_modules/npm/node_modules/read-package-json/read-json.js:354:3)
4 verbose stack     at then (/home/blueowl/.npm-global/lib/node_modules/npm/node_modules/read-package-json/read-json.js:124:5)
4 verbose stack     at ReadFileContext.<anonymous> (/home/blueowl/.npm-global/lib/node_modules/npm/node_modules/read-package-json/read-json.js:308:29)
4 verbose stack     at ReadFileContext.callback (/home/blueowl/.npm-global/lib/node_modules/npm/node_modules/graceful-fs/graceful-fs.js:78:16)
4 verbose stack     at FSReqWrap.readFileAfterOpen [as oncomplete] (fs.js:303:13)
5 verbose cwd /home/blueowl/Documents/Tech/Programming Projects/Mini-Projects/RestaurantApp/scripts
6 error Linux 4.4.0-64-generic
7 error argv "/usr/local/bin/node" "/home/blueowl/.npm-global/bin/npm" "run" "nodemon" "-e" "scss" "-x" "\"npm" "run" "node-sass" "--include-path" "scss" "css/style.scss" "css/style.css\""
8 error node v4.6.0
9 error npm  v3.10.8
10 error missing script: nodemon
11 error If you need help, you may report this error at:
11 error     <https://github.com/npm/npm/issues>
12 verbose exit [ 1, true ]
